<?xml version="1.0" encoding="utf-8"?>
<CoverageSession xmlns:xsd="http://www.w3.org/2001/XMLSchema" xmlns:xsi="http://www.w3.org/2001/XMLSchema-instance">
  <Summary numSequencePoints="145" visitedSequencePoints="52" numBranchPoints="72" visitedBranchPoints="19" sequenceCoverage="35.86" branchCoverage="26.39" maxCyclomaticComplexity="5" minCyclomaticComplexity="1" />
  <Modules>
    <Module skippedDueTo="Filter" hash="77-4F-9A-4C-09-29-60-46-23-FD-83-E9-79-2B-F5-77-B5-7F-46-94">
      <FullName>C:\Windows\Microsoft.Net\assembly\GAC_32\mscorlib\v4.0_4.0.0.0__b77a5c561934e089\mscorlib.dll</FullName>
      <ModuleName>mscorlib</ModuleName>
      <Classes />
    </Module>
    <Module skippedDueTo="MissingPdb" hash="37-80-BE-DC-A8-79-2C-78-4A-75-9F-D4-19-B1-3A-5A-48-3E-CA-03">
      <FullName>C:\Program Files (x86)\SharpDevelop\5.1\bin\Tools\NUnit\nunit-console-x86.exe</FullName>
      <ModuleName>nunit-console</ModuleName>
      <Classes />
    </Module>
    <Module skippedDueTo="MissingPdb" hash="33-E1-CA-24-52-5A-B7-C7-C4-AF-91-2C-A9-4A-C0-37-67-0D-5B-FE">
      <FullName>C:\Program Files (x86)\SharpDevelop\5.1\bin\Tools\NUnit\lib\nunit.core.dll</FullName>
      <ModuleName>nunit.core</ModuleName>
      <Classes />
    </Module>
    <Module skippedDueTo="MissingPdb" hash="2A-C4-E5-DE-F3-EE-AD-84-E1-65-84-CC-15-90-76-96-E7-01-44-4E">
      <FullName>C:\Program Files (x86)\SharpDevelop\5.1\bin\Tools\NUnit\lib\nunit-console-runner.dll</FullName>
      <ModuleName>nunit-console-runner</ModuleName>
      <Classes />
    </Module>
    <Module skippedDueTo="MissingPdb" hash="74-74-F6-87-59-E1-5F-4F-5F-5E-6E-82-50-E8-E2-46-D4-86-15-76">
      <FullName>C:\Program Files (x86)\SharpDevelop\5.1\bin\Tools\NUnit\lib\nunit.util.dll</FullName>
      <ModuleName>nunit.util</ModuleName>
      <Classes />
    </Module>
    <Module skippedDueTo="MissingPdb" hash="D3-A4-4D-85-55-F7-CE-EF-A5-90-AA-EF-58-E0-9F-B6-CC-27-99-53">
      <FullName>C:\Program Files (x86)\SharpDevelop\5.1\bin\Tools\NUnit\lib\nunit.core.interfaces.dll</FullName>
      <ModuleName>nunit.core.interfaces</ModuleName>
      <Classes />
    </Module>
    <Module skippedDueTo="Filter" hash="62-13-DF-BA-4D-76-38-3A-FE-E9-5E-D8-6C-07-CC-1D-A2-DE-73-52">
      <FullName>C:\Windows\Microsoft.Net\assembly\GAC_MSIL\System.Configuration\v4.0_4.0.0.0__b03f5f7f11d50a3a\System.Configuration.dll</FullName>
      <ModuleName>System.Configuration</ModuleName>
      <Classes />
    </Module>
    <Module skippedDueTo="Filter" hash="CB-7B-C7-A0-09-0F-BA-F4-8A-02-A9-E9-2A-7B-43-34-93-46-0F-58">
      <FullName>C:\Windows\Microsoft.Net\assembly\GAC_MSIL\System\v4.0_4.0.0.0__b77a5c561934e089\System.dll</FullName>
      <ModuleName>System</ModuleName>
      <Classes />
    </Module>
    <Module skippedDueTo="Filter" hash="58-2A-4C-0C-25-69-3C-E5-E8-8F-0E-35-DB-19-D0-78-0E-D1-10-FA">
      <FullName>C:\Windows\Microsoft.Net\assembly\GAC_MSIL\System.Xml\v4.0_4.0.0.0__b77a5c561934e089\System.Xml.dll</FullName>
      <ModuleName>System.Xml</ModuleName>
      <Classes />
    </Module>
    <Module skippedDueTo="Filter" hash="95-C2-7F-29-1B-5E-88-C5-62-B1-37-09-E1-F0-97-D4-51-18-8D-2E">
      <FullName>C:\Windows\Microsoft.Net\assembly\GAC_MSIL\System.Runtime.Remoting\v4.0_4.0.0.0__b77a5c561934e089\System.Runtime.Remoting.dll</FullName>
      <ModuleName>System.Runtime.Remoting</ModuleName>
      <Classes />
    </Module>
    <Module skippedDueTo="Filter" hash="4A-F4-16-E3-B7-42-DD-D3-EE-AC-F2-25-BE-F3-D2-88-B2-F6-A0-2F">
      <FullName>C:\Windows\Microsoft.Net\assembly\GAC_MSIL\System.Core\v4.0_4.0.0.0__b77a5c561934e089\System.Core.dll</FullName>
      <ModuleName>System.Core</ModuleName>
      <Classes />
    </Module>
    <Module skippedDueTo="Filter" hash="B6-71-78-D4-08-6F-17-8B-17-69-11-BD-3A-64-74-96-AA-F9-DD-AE">
      <FullName>C:\Windows\Microsoft.Net\assembly\GAC_MSIL\mscorlib.resources\v4.0_4.0.0.0_es_b77a5c561934e089\mscorlib.resources.dll</FullName>
      <ModuleName>mscorlib.resources</ModuleName>
      <Classes />
    </Module>
    <Module hash="69-30-F7-8F-27-02-18-E7-B7-C8-D1-09-4D-2F-EE-52-19-C2-79-2A">
      <Summary numSequencePoints="19" visitedSequencePoints="19" numBranchPoints="6" visitedBranchPoints="5" sequenceCoverage="100" branchCoverage="83.33" maxCyclomaticComplexity="2" minCyclomaticComplexity="0" />
      <FullName>C:\Users\lrodriguez\AppData\Local\Temp\nunit20\ShadowCopyCache\12732_636524197810663190\Tests_1384828781\assembly\dl3\024c0d22\347e4459_4295d301\Gambon.Integration.Test.dll</FullName>
      <ModuleName>Gambon.Integration.Test</ModuleName>
      <Files>
        <File uid="1" fullPath="d:\Documents\code\GitHub\PetProjects\PetProjects\Gambon\Gambon\test\integration\Gambon\SqlServer\SqlExecutorTests.cs" />
      </Files>
      <Classes>
        <Class>
          <Summary numSequencePoints="0" visitedSequencePoints="0" numBranchPoints="0" visitedBranchPoints="0" sequenceCoverage="0" branchCoverage="0" maxCyclomaticComplexity="0" minCyclomaticComplexity="0" />
          <FullName>&lt;Module&gt;</FullName>
          <Methods />
        </Class>
        <Class>
          <Summary numSequencePoints="19" visitedSequencePoints="19" numBranchPoints="6" visitedBranchPoints="5" sequenceCoverage="100" branchCoverage="83.33" maxCyclomaticComplexity="2" minCyclomaticComplexity="1" />
          <FullName>Gambon.Integration.Test.SqlServer.SqlExecutorTests</FullName>
          <Methods>
            <Method visited="true" cyclomaticComplexity="1" sequenceCoverage="100" branchCoverage="100" isConstructor="false" isStatic="false" isGetter="false" isSetter="false">
              <Summary numSequencePoints="6" visitedSequencePoints="6" numBranchPoints="1" visitedBranchPoints="1" sequenceCoverage="100" branchCoverage="100" maxCyclomaticComplexity="1" minCyclomaticComplexity="1" />
              <MetadataToken>100663297</MetadataToken>
              <Name>System.Void Gambon.Integration.Test.SqlServer.SqlExecutorTests::SetUp()</Name>
              <FileRef uid="1" />
              <SequencePoints>
                <SequencePoint vc="3" uspid="1" ordinal="0" offset="0" sl="16" sc="22" el="16" ec="23" bec="0" bev="0" fileid="1" />
                <SequencePoint vc="3" uspid="2" ordinal="1" offset="1" sl="17" sc="4" el="17" ec="40" bec="0" bev="0" fileid="1" />
                <SequencePoint vc="3" uspid="3" ordinal="2" offset="12" sl="18" sc="4" el="18" ec="67" bec="0" bev="0" fileid="1" />
                <SequencePoint vc="3" uspid="4" ordinal="3" offset="29" sl="19" sc="4" el="19" ec="56" bec="0" bev="0" fileid="1" />
                <SequencePoint vc="3" uspid="5" ordinal="4" offset="46" sl="20" sc="4" el="20" ec="53" bec="0" bev="0" fileid="1" />
                <SequencePoint vc="3" uspid="6" ordinal="5" offset="63" sl="21" sc="3" el="21" ec="4" bec="0" bev="0" fileid="1" />
              </SequencePoints>
              <BranchPoints />
              <MethodPoint xsi:type="SequencePoint" vc="3" uspid="1" ordinal="0" offset="0" sl="16" sc="22" el="16" ec="23" bec="0" bev="0" fileid="1" />
            </Method>
            <Method visited="true" cyclomaticComplexity="1" sequenceCoverage="100" branchCoverage="100" isConstructor="false" isStatic="false" isGetter="false" isSetter="false">
              <Summary numSequencePoints="5" visitedSequencePoints="5" numBranchPoints="1" visitedBranchPoints="1" sequenceCoverage="100" branchCoverage="100" maxCyclomaticComplexity="1" minCyclomaticComplexity="1" />
              <MetadataToken>100663298</MetadataToken>
              <Name>System.Void Gambon.Integration.Test.SqlServer.SqlExecutorTests::ReturnsAllFromUsers()</Name>
              <FileRef uid="1" />
              <SequencePoints>
                <SequencePoint vc="1" uspid="7" ordinal="0" offset="0" sl="24" sc="36" el="24" ec="37" bec="0" bev="0" fileid="1" />
                <SequencePoint vc="1" uspid="8" ordinal="1" offset="1" sl="25" sc="4" el="25" ec="65" bec="0" bev="0" fileid="1" />
                <SequencePoint vc="1" uspid="9" ordinal="2" offset="18" sl="27" sc="4" el="27" ec="28" bec="0" bev="0" fileid="1" />
                <SequencePoint vc="1" uspid="10" ordinal="3" offset="25" sl="28" sc="4" el="28" ec="61" bec="0" bev="0" fileid="1" />
                <SequencePoint vc="1" uspid="11" ordinal="4" offset="42" sl="29" sc="3" el="29" ec="4" bec="0" bev="0" fileid="1" />
              </SequencePoints>
              <BranchPoints />
              <MethodPoint xsi:type="SequencePoint" vc="1" uspid="7" ordinal="0" offset="0" sl="24" sc="36" el="24" ec="37" bec="0" bev="0" fileid="1" />
            </Method>
            <Method visited="true" cyclomaticComplexity="2" sequenceCoverage="100" branchCoverage="66.67" isConstructor="false" isStatic="false" isGetter="false" isSetter="false">
              <Summary numSequencePoints="4" visitedSequencePoints="4" numBranchPoints="3" visitedBranchPoints="2" sequenceCoverage="100" branchCoverage="66.67" maxCyclomaticComplexity="2" minCyclomaticComplexity="2" />
              <MetadataToken>100663299</MetadataToken>
              <Name>System.Void Gambon.Integration.Test.SqlServer.SqlExecutorTests::ReturnsFirstOrDefaultFromUsers()</Name>
              <FileRef uid="1" />
              <SequencePoints>
                <SequencePoint vc="1" uspid="12" ordinal="0" offset="0" sl="32" sc="47" el="32" ec="48" bec="0" bev="0" fileid="1" />
                <SequencePoint vc="1" uspid="13" ordinal="1" offset="1" sl="33" sc="4" el="33" ec="74" bec="0" bev="0" fileid="1" />
                <SequencePoint vc="1" uspid="14" ordinal="2" offset="18" sl="35" sc="4" el="35" ec="26" bec="2" bev="1" fileid="1" />
                <SequencePoint vc="1" uspid="15" ordinal="3" offset="124" sl="36" sc="3" el="36" ec="4" bec="0" bev="0" fileid="1" />
              </SequencePoints>
              <BranchPoints>
                <BranchPoint vc="1" uspid="16" ordinal="0" offset="23" path="0" offsetchain="" offsetend="25" />
                <BranchPoint vc="0" uspid="17" ordinal="1" offset="23" path="1" offsetchain="" offsetend="92" />
              </BranchPoints>
              <MethodPoint xsi:type="SequencePoint" vc="1" uspid="12" ordinal="0" offset="0" sl="32" sc="47" el="32" ec="48" bec="0" bev="0" fileid="1" />
            </Method>
            <Method visited="true" cyclomaticComplexity="1" sequenceCoverage="100" branchCoverage="100" isConstructor="false" isStatic="false" isGetter="false" isSetter="false">
              <Summary numSequencePoints="4" visitedSequencePoints="4" numBranchPoints="1" visitedBranchPoints="1" sequenceCoverage="100" branchCoverage="100" maxCyclomaticComplexity="1" minCyclomaticComplexity="1" />
              <MetadataToken>100663300</MetadataToken>
              <Name>System.Void Gambon.Integration.Test.SqlServer.SqlExecutorTests::ReturnsIdentificatorFromInsertedUser()</Name>
              <FileRef uid="1" />
              <SequencePoints>
                <SequencePoint vc="1" uspid="18" ordinal="0" offset="0" sl="39" sc="53" el="39" ec="54" bec="0" bev="0" fileid="1" />
                <SequencePoint vc="1" uspid="19" ordinal="1" offset="1" sl="42" sc="4" el="42" ec="50" bec="0" bev="0" fileid="1" />
                <SequencePoint vc="1" uspid="20" ordinal="2" offset="18" sl="44" sc="4" el="44" ec="45" bec="0" bev="0" fileid="1" />
                <SequencePoint vc="1" uspid="21" ordinal="3" offset="40" sl="45" sc="3" el="45" ec="4" bec="0" bev="0" fileid="1" />
              </SequencePoints>
              <BranchPoints />
              <MethodPoint xsi:type="SequencePoint" vc="1" uspid="18" ordinal="0" offset="0" sl="39" sc="53" el="39" ec="54" bec="0" bev="0" fileid="1" />
            </Method>
            <Method visited="true" cyclomaticComplexity="1" sequenceCoverage="0" branchCoverage="0" isConstructor="true" isStatic="false" isGetter="false" isSetter="false">
              <Summary numSequencePoints="0" visitedSequencePoints="0" numBranchPoints="0" visitedBranchPoints="0" sequenceCoverage="0" branchCoverage="0" maxCyclomaticComplexity="1" minCyclomaticComplexity="1" />
              <MetadataToken>100663301</MetadataToken>
              <Name>System.Void Gambon.Integration.Test.SqlServer.SqlExecutorTests::.ctor()</Name>
              <SequencePoints />
              <BranchPoints />
              <MethodPoint vc="1" uspid="22" ordinal="0" offset="0" />
            </Method>
          </Methods>
        </Class>
        <Class>
          <Summary numSequencePoints="0" visitedSequencePoints="0" numBranchPoints="0" visitedBranchPoints="0" sequenceCoverage="0" branchCoverage="0" maxCyclomaticComplexity="0" minCyclomaticComplexity="0" />
          <FullName>Gambon.Integration.Test.SqlServer.SqlExecutorTests/&lt;ReturnsFirstOrDefaultFromUsers&gt;o__SiteContainer0</FullName>
          <Methods />
        </Class>
      </Classes>
    </Module>
    <Module skippedDueTo="MissingPdb" hash="A2-D0-DB-C9-20-FB-37-90-D4-D6-25-E5-C4-7B-E0-42-CA-32-C0-51">
      <FullName>C:\Users\lrodriguez\AppData\Local\Temp\nunit20\ShadowCopyCache\12732_636524197810663190\Tests_1384828781\assembly\dl3\707a1248\ec718ff0_2e8ed301\nunit.framework.dll</FullName>
      <ModuleName>nunit.framework</ModuleName>
      <Classes />
    </Module>
    <Module hash="65-B0-10-4F-D1-DA-96-FF-87-24-4F-2E-DB-2C-D7-EC-13-BA-9D-93">
      <Summary numSequencePoints="126" visitedSequencePoints="33" numBranchPoints="66" visitedBranchPoints="14" sequenceCoverage="26.19" branchCoverage="21.21" maxCyclomaticComplexity="5" minCyclomaticComplexity="1" />
      <FullName>C:\Users\lrodriguez\AppData\Local\Temp\nunit20\ShadowCopyCache\12732_636524197810663190\Tests_1384828781\assembly\dl3\f429f0f9\579cec58_4295d301\Gambon.dll</FullName>
      <ModuleName>Gambon</ModuleName>
      <Files>
        <File uid="3" fullPath="d:\Documents\code\GitHub\PetProjects\PetProjects\Gambon\Gambon\src\Core\ObjectExtensions.cs" />
        <File uid="5" fullPath="d:\Documents\code\GitHub\PetProjects\PetProjects\Gambon\Gambon\src\SqlServer\Configuration.cs" />
        <File uid="6" fullPath="d:\Documents\code\GitHub\PetProjects\PetProjects\Gambon\Gambon\src\SqlServer\SqlBuilder.cs" />
        <File uid="7" fullPath="d:\Documents\code\GitHub\PetProjects\PetProjects\Gambon\Gambon\src\SqlServer\SqlDataReaderExensions.cs" />
        <File uid="8" fullPath="d:\Documents\code\GitHub\PetProjects\PetProjects\Gambon\Gambon\src\SqlServer\SqlConnectionFactory.cs" />
        <File uid="9" fullPath="d:\Documents\code\GitHub\PetProjects\PetProjects\Gambon\Gambon\src\SqlServer\SqlExecutor.cs" />
        <File uid="11" fullPath="d:\Documents\code\GitHub\PetProjects\PetProjects\Gambon\Gambon\src\SqlServer\Table.cs" />
      </Files>
      <Classes>
        <Class>
          <Summary numSequencePoints="0" visitedSequencePoints="0" numBranchPoints="0" visitedBranchPoints="0" sequenceCoverage="0" branchCoverage="0" maxCyclomaticComplexity="0" minCyclomaticComplexity="0" />
          <FullName>&lt;Module&gt;</FullName>
          <Methods />
        </Class>
        <Class>
          <Summary numSequencePoints="40" visitedSequencePoints="0" numBranchPoints="19" visitedBranchPoints="0" sequenceCoverage="0" branchCoverage="0" maxCyclomaticComplexity="5" minCyclomaticComplexity="1" />
          <FullName>Gambon.Core.ObjectExtensions</FullName>
          <Methods>
            <Method visited="false" cyclomaticComplexity="5" sequenceCoverage="0" branchCoverage="0" isConstructor="false" isStatic="true" isGetter="false" isSetter="false">
              <Summary numSequencePoints="25" visitedSequencePoints="0" numBranchPoints="9" visitedBranchPoints="0" sequenceCoverage="0" branchCoverage="0" maxCyclomaticComplexity="5" minCyclomaticComplexity="5" />
              <MetadataToken>100663297</MetadataToken>
              <Name>System.Object Gambon.Core.ObjectExtensions::ToDynamic(System.Object)</Name>
              <FileRef uid="3" />
              <SequencePoints>
                <SequencePoint vc="0" uspid="23" ordinal="0" offset="0" sl="13" sc="9" el="13" ec="10" bec="0" bev="0" fileid="3" />
                <SequencePoint vc="0" uspid="24" ordinal="1" offset="1" sl="14" sc="4" el="14" ec="31" bec="2" bev="0" fileid="3" />
                <SequencePoint vc="0" uspid="25" ordinal="2" offset="19" sl="15" sc="5" el="15" ec="18" bec="0" bev="0" fileid="3" />
                <SequencePoint vc="0" uspid="26" ordinal="3" offset="27" sl="16" sc="13" el="16" ec="47" bec="0" bev="0" fileid="3" />
                <SequencePoint vc="0" uspid="27" ordinal="4" offset="33" sl="17" sc="13" el="17" ec="65" bec="0" bev="0" fileid="3" />
                <SequencePoint vc="0" uspid="28" ordinal="5" offset="35" sl="18" sc="13" el="18" ec="46" bec="2" bev="0" fileid="3" />
                <SequencePoint vc="0" uspid="29" ordinal="6" offset="56" sl="18" sc="47" el="18" ec="48" bec="0" bev="0" fileid="3" />
                <SequencePoint vc="0" uspid="30" ordinal="7" offset="57" sl="19" sc="17" el="19" ec="70" bec="0" bev="0" fileid="3" />
                <SequencePoint vc="0" uspid="31" ordinal="8" offset="69" sl="20" sc="5" el="23" ec="39" bec="0" bev="0" fileid="3" />
                <SequencePoint vc="0" uspid="32" ordinal="9" offset="121" sl="24" sc="17" el="24" ec="31" bec="0" bev="0" fileid="3" />
                <SequencePoint vc="0" uspid="33" ordinal="10" offset="129" sl="26" sc="13" el="26" ec="37" bec="2" bev="0" fileid="3" />
                <SequencePoint vc="0" uspid="34" ordinal="11" offset="144" sl="27" sc="4" el="27" ec="5" bec="0" bev="0" fileid="3" />
                <SequencePoint vc="0" uspid="35" ordinal="12" offset="145" sl="28" sc="17" el="28" ec="78" bec="0" bev="0" fileid="3" />
                <SequencePoint vc="0" uspid="36" ordinal="13" offset="152" sl="29" sc="17" el="31" ec="27" bec="0" bev="0" fileid="3" />
                <SequencePoint vc="0" uspid="37" ordinal="14" offset="177" sl="32" sc="5" el="32" ec="19" bec="0" bev="0" fileid="3" />
                <SequencePoint vc="0" uspid="38" ordinal="15" offset="182" sl="34" sc="4" el="34" ec="53" bec="0" bev="0" fileid="3" />
                <SequencePoint vc="0" uspid="39" ordinal="16" offset="195" sl="35" sc="17" el="35" ec="24" bec="0" bev="0" fileid="3" />
                <SequencePoint vc="0" uspid="40" ordinal="17" offset="196" sl="35" sc="42" el="35" ec="52" bec="0" bev="0" fileid="3" />
                <SequencePoint vc="0" uspid="41" ordinal="18" offset="205" sl="35" sc="26" el="35" ec="38" bec="0" bev="0" fileid="3" />
                <SequencePoint vc="0" uspid="42" ordinal="19" offset="212" sl="35" sc="54" el="35" ec="55" bec="0" bev="0" fileid="3" />
                <SequencePoint vc="0" uspid="43" ordinal="20" offset="213" sl="36" sc="21" el="36" ec="79" bec="0" bev="0" fileid="3" />
                <SequencePoint vc="0" uspid="44" ordinal="21" offset="236" sl="37" sc="17" el="37" ec="18" bec="0" bev="0" fileid="3" />
                <SequencePoint vc="0" uspid="45" ordinal="22" offset="243" sl="35" sc="39" el="35" ec="41" bec="2" bev="0" fileid="3" />
                <SequencePoint vc="0" uspid="46" ordinal="23" offset="257" sl="38" sc="13" el="38" ec="27" bec="0" bev="0" fileid="3" />
                <SequencePoint vc="0" uspid="47" ordinal="24" offset="262" sl="39" sc="9" el="39" ec="10" bec="0" bev="0" fileid="3" />
              </SequencePoints>
              <BranchPoints>
                <BranchPoint vc="0" uspid="48" ordinal="0" offset="17" path="0" offsetchain="" offsetend="19" />
                <BranchPoint vc="0" uspid="49" ordinal="1" offset="17" path="1" offsetchain="" offsetend="27" />
                <BranchPoint vc="0" uspid="50" ordinal="2" offset="48" path="0" offsetchain="" offsetend="50" />
                <BranchPoint vc="0" uspid="51" ordinal="3" offset="48" path="1" offsetchain="" offsetend="129" />
                <BranchPoint vc="0" uspid="52" ordinal="4" offset="142" path="0" offsetchain="" offsetend="144" />
                <BranchPoint vc="0" uspid="53" ordinal="5" offset="142" path="1" offsetchain="" offsetend="182" />
                <BranchPoint vc="0" uspid="54" ordinal="6" offset="255" path="0" offsetchain="" offsetend="257" />
                <BranchPoint vc="0" uspid="55" ordinal="7" offset="255" path="1" offsetchain="" offsetend="205" />
              </BranchPoints>
              <MethodPoint xsi:type="SequencePoint" vc="0" uspid="23" ordinal="0" offset="0" sl="13" sc="9" el="13" ec="10" bec="0" bev="0" fileid="3" />
            </Method>
            <Method visited="false" cyclomaticComplexity="1" sequenceCoverage="0" branchCoverage="0" isConstructor="false" isStatic="true" isGetter="false" isSetter="false">
              <Summary numSequencePoints="3" visitedSequencePoints="0" numBranchPoints="1" visitedBranchPoints="0" sequenceCoverage="0" branchCoverage="0" maxCyclomaticComplexity="1" minCyclomaticComplexity="1" />
              <MetadataToken>100663298</MetadataToken>
              <Name>System.Boolean Gambon.Core.ObjectExtensions::IsNull(System.Object)</Name>
              <FileRef uid="3" />
              <SequencePoints>
                <SequencePoint vc="0" uspid="56" ordinal="0" offset="0" sl="41" sc="53" el="41" ec="54" bec="0" bev="0" fileid="3" />
                <SequencePoint vc="0" uspid="57" ordinal="1" offset="1" sl="42" sc="10" el="42" ec="31" bec="0" bev="0" fileid="3" />
                <SequencePoint vc="0" uspid="58" ordinal="2" offset="8" sl="43" sc="9" el="43" ec="10" bec="0" bev="0" fileid="3" />
              </SequencePoints>
              <BranchPoints />
              <MethodPoint xsi:type="SequencePoint" vc="0" uspid="56" ordinal="0" offset="0" sl="41" sc="53" el="41" ec="54" bec="0" bev="0" fileid="3" />
            </Method>
            <Method visited="false" cyclomaticComplexity="2" sequenceCoverage="0" branchCoverage="0" isConstructor="false" isStatic="true" isGetter="false" isSetter="false">
              <Summary numSequencePoints="3" visitedSequencePoints="0" numBranchPoints="3" visitedBranchPoints="0" sequenceCoverage="0" branchCoverage="0" maxCyclomaticComplexity="2" minCyclomaticComplexity="2" />
              <MetadataToken>100663299</MetadataToken>
              <Name>System.Boolean Gambon.Core.ObjectExtensions::IsNameValueCollection(System.Object)</Name>
              <FileRef uid="3" />
              <SequencePoints>
                <SequencePoint vc="0" uspid="59" ordinal="0" offset="0" sl="45" sc="64" el="45" ec="65" bec="0" bev="0" fileid="3" />
                <SequencePoint vc="0" uspid="60" ordinal="1" offset="1" sl="46" sc="10" el="47" ec="69" bec="2" bev="0" fileid="3" />
                <SequencePoint vc="0" uspid="61" ordinal="2" offset="52" sl="48" sc="9" el="48" ec="10" bec="0" bev="0" fileid="3" />
              </SequencePoints>
              <BranchPoints>
                <BranchPoint vc="0" uspid="62" ordinal="0" offset="22" path="0" offsetchain="" offsetend="24" />
                <BranchPoint vc="0" uspid="63" ordinal="1" offset="22" path="1" offsetchain="" offsetend="47" />
              </BranchPoints>
              <MethodPoint xsi:type="SequencePoint" vc="0" uspid="59" ordinal="0" offset="0" sl="45" sc="64" el="45" ec="65" bec="0" bev="0" fileid="3" />
            </Method>
            <Method visited="false" cyclomaticComplexity="1" sequenceCoverage="0" branchCoverage="0" isConstructor="false" isStatic="true" isGetter="false" isSetter="false">
              <Summary numSequencePoints="3" visitedSequencePoints="0" numBranchPoints="1" visitedBranchPoints="0" sequenceCoverage="0" branchCoverage="0" maxCyclomaticComplexity="1" minCyclomaticComplexity="1" />
              <MetadataToken>100663300</MetadataToken>
              <Name>System.Boolean Gambon.Core.ObjectExtensions::IsDictionary(System.Object)</Name>
              <FileRef uid="3" />
              <SequencePoints>
                <SequencePoint vc="0" uspid="64" ordinal="0" offset="0" sl="50" sc="55" el="50" ec="56" bec="0" bev="0" fileid="3" />
                <SequencePoint vc="0" uspid="65" ordinal="1" offset="1" sl="51" sc="14" el="51" ec="75" bec="0" bev="0" fileid="3" />
                <SequencePoint vc="0" uspid="66" ordinal="2" offset="25" sl="52" sc="13" el="52" ec="14" bec="0" bev="0" fileid="3" />
              </SequencePoints>
              <BranchPoints />
              <MethodPoint xsi:type="SequencePoint" vc="0" uspid="64" ordinal="0" offset="0" sl="50" sc="55" el="50" ec="56" bec="0" bev="0" fileid="3" />
            </Method>
            <Method visited="false" cyclomaticComplexity="3" sequenceCoverage="0" branchCoverage="0" isConstructor="false" isStatic="true" isGetter="false" isSetter="false">
              <Summary numSequencePoints="6" visitedSequencePoints="0" numBranchPoints="5" visitedBranchPoints="0" sequenceCoverage="0" branchCoverage="0" maxCyclomaticComplexity="3" minCyclomaticComplexity="3" />
              <MetadataToken>100663301</MetadataToken>
              <Name>System.Collections.Generic.IDictionary`2&lt;System.String,System.Object&gt; Gambon.Core.ObjectExtensions::ToDictionary(System.Object)</Name>
              <FileRef uid="3" />
              <SequencePoints>
                <SequencePoint vc="0" uspid="67" ordinal="0" offset="0" sl="54" sc="77" el="54" ec="78" bec="0" bev="0" fileid="3" />
                <SequencePoint vc="0" uspid="68" ordinal="1" offset="1" sl="55" sc="13" el="55" ec="30" bec="2" bev="0" fileid="3" />
                <SequencePoint vc="0" uspid="69" ordinal="2" offset="12" sl="55" sc="30" el="55" ec="31" bec="0" bev="0" fileid="3" />
                <SequencePoint vc="0" uspid="70" ordinal="3" offset="13" sl="56" sc="17" el="56" ec="29" bec="0" bev="0" fileid="3" />
                <SequencePoint vc="0" uspid="71" ordinal="4" offset="17" sl="58" sc="13" el="58" ec="67" bec="2" bev="0" fileid="3" />
                <SequencePoint vc="0" uspid="72" ordinal="5" offset="92" sl="59" sc="9" el="59" ec="10" bec="0" bev="0" fileid="3" />
              </SequencePoints>
              <BranchPoints>
                <BranchPoint vc="0" uspid="73" ordinal="0" offset="10" path="0" offsetchain="" offsetend="12" />
                <BranchPoint vc="0" uspid="74" ordinal="1" offset="10" path="1" offsetchain="" offsetend="17" />
                <BranchPoint vc="0" uspid="75" ordinal="2" offset="22" path="0" offsetchain="" offsetend="24" />
                <BranchPoint vc="0" uspid="76" ordinal="3" offset="22" path="1" offsetchain="" offsetend="63" />
              </BranchPoints>
              <MethodPoint xsi:type="SequencePoint" vc="0" uspid="67" ordinal="0" offset="0" sl="54" sc="77" el="54" ec="78" bec="0" bev="0" fileid="3" />
            </Method>
          </Methods>
        </Class>
        <Class>
          <Summary numSequencePoints="1" visitedSequencePoints="0" numBranchPoints="1" visitedBranchPoints="0" sequenceCoverage="0" branchCoverage="0" maxCyclomaticComplexity="1" minCyclomaticComplexity="1" />
          <FullName>Gambon.Core.ObjectExtensions/&lt;&gt;c__DisplayClass1</FullName>
          <Methods>
            <Method visited="false" cyclomaticComplexity="1" sequenceCoverage="0" branchCoverage="0" isConstructor="true" isStatic="false" isGetter="false" isSetter="false">
              <Summary numSequencePoints="0" visitedSequencePoints="0" numBranchPoints="0" visitedBranchPoints="0" sequenceCoverage="0" branchCoverage="0" maxCyclomaticComplexity="1" minCyclomaticComplexity="1" />
              <MetadataToken>100663321</MetadataToken>
              <Name>System.Void Gambon.Core.ObjectExtensions/&lt;&gt;c__DisplayClass1::.ctor()</Name>
              <SequencePoints />
              <BranchPoints />
              <MethodPoint vc="0" uspid="77" ordinal="0" offset="0" />
            </Method>
            <Method visited="false" cyclomaticComplexity="1" sequenceCoverage="0" branchCoverage="0" isConstructor="false" isStatic="false" isGetter="false" isSetter="false">
              <Summary numSequencePoints="1" visitedSequencePoints="0" numBranchPoints="1" visitedBranchPoints="0" sequenceCoverage="0" branchCoverage="0" maxCyclomaticComplexity="1" minCyclomaticComplexity="1" />
              <MetadataToken>100663322</MetadataToken>
              <Name>System.Collections.Generic.KeyValuePair`2&lt;System.String,System.Object&gt; Gambon.Core.ObjectExtensions/&lt;&gt;c__DisplayClass1::&lt;ToDynamic&gt;b__0(System.String)</Name>
              <FileRef uid="3" />
              <SequencePoints>
                <SequencePoint vc="0" uspid="78" ordinal="0" offset="0" sl="21" sc="33" el="21" ec="96" bec="0" bev="0" fileid="3" />
              </SequencePoints>
              <BranchPoints />
              <MethodPoint xsi:type="SequencePoint" vc="0" uspid="78" ordinal="0" offset="0" sl="21" sc="33" el="21" ec="96" bec="0" bev="0" fileid="3" />
            </Method>
          </Methods>
        </Class>
        <Class>
          <Summary numSequencePoints="0" visitedSequencePoints="0" numBranchPoints="0" visitedBranchPoints="0" sequenceCoverage="0" branchCoverage="0" maxCyclomaticComplexity="0" minCyclomaticComplexity="0" />
          <FullName>Gambon.Core.ObjectExtensions/&lt;ToDictionary&gt;o__SiteContainer3</FullName>
          <Methods />
        </Class>
        <Class>
          <Summary numSequencePoints="3" visitedSequencePoints="3" numBranchPoints="1" visitedBranchPoints="1" sequenceCoverage="100" branchCoverage="100" maxCyclomaticComplexity="1" minCyclomaticComplexity="1" />
          <FullName>Gambon.SqlServer.Configuration</FullName>
          <Methods>
            <Method visited="true" cyclomaticComplexity="1" sequenceCoverage="100" branchCoverage="100" isConstructor="false" isStatic="false" isGetter="true" isSetter="false">
              <Summary numSequencePoints="3" visitedSequencePoints="3" numBranchPoints="1" visitedBranchPoints="1" sequenceCoverage="100" branchCoverage="100" maxCyclomaticComplexity="1" minCyclomaticComplexity="1" />
              <MetadataToken>100663302</MetadataToken>
              <Name>System.String Gambon.SqlServer.Configuration::get_ConnectionString()</Name>
              <FileRef uid="5" />
              <SequencePoints>
                <SequencePoint vc="5" uspid="79" ordinal="0" offset="0" sl="9" sc="7" el="9" ec="8" bec="0" bev="0" fileid="5" />
                <SequencePoint vc="5" uspid="80" ordinal="1" offset="1" sl="10" sc="5" el="10" ec="78" bec="0" bev="0" fileid="5" />
                <SequencePoint vc="5" uspid="81" ordinal="2" offset="24" sl="11" sc="4" el="11" ec="5" bec="0" bev="0" fileid="5" />
              </SequencePoints>
              <BranchPoints />
              <MethodPoint xsi:type="SequencePoint" vc="5" uspid="79" ordinal="0" offset="0" sl="9" sc="7" el="9" ec="8" bec="0" bev="0" fileid="5" />
            </Method>
            <Method visited="true" cyclomaticComplexity="1" sequenceCoverage="0" branchCoverage="0" isConstructor="true" isStatic="false" isGetter="false" isSetter="false">
              <Summary numSequencePoints="0" visitedSequencePoints="0" numBranchPoints="0" visitedBranchPoints="0" sequenceCoverage="0" branchCoverage="0" maxCyclomaticComplexity="1" minCyclomaticComplexity="1" />
              <MetadataToken>100663303</MetadataToken>
              <Name>System.Void Gambon.SqlServer.Configuration::.ctor()</Name>
              <SequencePoints />
              <BranchPoints />
              <MethodPoint vc="3" uspid="82" ordinal="0" offset="0" />
            </Method>
          </Methods>
        </Class>
        <Class>
          <Summary numSequencePoints="17" visitedSequencePoints="0" numBranchPoints="11" visitedBranchPoints="0" sequenceCoverage="0" branchCoverage="0" maxCyclomaticComplexity="4" minCyclomaticComplexity="1" />
          <FullName>Gambon.SqlServer.SqlBuilder`1</FullName>
          <Methods>
            <Method visited="false" cyclomaticComplexity="1" sequenceCoverage="0" branchCoverage="0" isConstructor="false" isStatic="false" isGetter="false" isSetter="false">
              <Summary numSequencePoints="5" visitedSequencePoints="0" numBranchPoints="1" visitedBranchPoints="0" sequenceCoverage="0" branchCoverage="0" maxCyclomaticComplexity="1" minCyclomaticComplexity="1" />
              <MetadataToken>100663304</MetadataToken>
              <Name>System.String Gambon.SqlServer.SqlBuilder`1::Select(System.Collections.Generic.IEnumerable`1&lt;System.String&gt;)</Name>
              <FileRef uid="6" />
              <SequencePoints>
                <SequencePoint vc="0" uspid="83" ordinal="0" offset="0" sl="10" sc="56" el="10" ec="57" bec="0" bev="0" fileid="6" />
                <SequencePoint vc="0" uspid="84" ordinal="1" offset="1" sl="11" sc="4" el="11" ec="34" bec="0" bev="0" fileid="6" />
                <SequencePoint vc="0" uspid="85" ordinal="2" offset="17" sl="12" sc="4" el="12" ec="43" bec="0" bev="0" fileid="6" />
                <SequencePoint vc="0" uspid="86" ordinal="3" offset="25" sl="13" sc="4" el="13" ec="70" bec="0" bev="0" fileid="6" />
                <SequencePoint vc="0" uspid="87" ordinal="4" offset="40" sl="14" sc="3" el="14" ec="4" bec="0" bev="0" fileid="6" />
              </SequencePoints>
              <BranchPoints />
              <MethodPoint xsi:type="SequencePoint" vc="0" uspid="83" ordinal="0" offset="0" sl="10" sc="56" el="10" ec="57" bec="0" bev="0" fileid="6" />
            </Method>
            <Method visited="false" cyclomaticComplexity="1" sequenceCoverage="0" branchCoverage="0" isConstructor="false" isStatic="false" isGetter="false" isSetter="false">
              <Summary numSequencePoints="4" visitedSequencePoints="0" numBranchPoints="1" visitedBranchPoints="0" sequenceCoverage="0" branchCoverage="0" maxCyclomaticComplexity="1" minCyclomaticComplexity="1" />
              <MetadataToken>100663305</MetadataToken>
              <Name>System.String Gambon.SqlServer.SqlBuilder`1::BuildSqlFields(System.Collections.Generic.IEnumerable`1&lt;System.String&gt;)</Name>
              <FileRef uid="6" />
              <SequencePoints>
                <SequencePoint vc="0" uspid="88" ordinal="0" offset="0" sl="17" sc="3" el="17" ec="4" bec="0" bev="0" fileid="6" />
                <SequencePoint vc="0" uspid="89" ordinal="1" offset="1" sl="18" sc="4" el="18" ec="45" bec="0" bev="0" fileid="6" />
                <SequencePoint vc="0" uspid="90" ordinal="2" offset="9" sl="19" sc="4" el="19" ec="40" bec="0" bev="0" fileid="6" />
                <SequencePoint vc="0" uspid="91" ordinal="3" offset="23" sl="20" sc="3" el="20" ec="4" bec="0" bev="0" fileid="6" />
              </SequencePoints>
              <BranchPoints />
              <MethodPoint xsi:type="SequencePoint" vc="0" uspid="88" ordinal="0" offset="0" sl="17" sc="3" el="17" ec="4" bec="0" bev="0" fileid="6" />
            </Method>
            <Method visited="false" cyclomaticComplexity="4" sequenceCoverage="0" branchCoverage="0" isConstructor="false" isStatic="false" isGetter="false" isSetter="false">
              <Summary numSequencePoints="6" visitedSequencePoints="0" numBranchPoints="7" visitedBranchPoints="0" sequenceCoverage="0" branchCoverage="0" maxCyclomaticComplexity="4" minCyclomaticComplexity="4" />
              <MetadataToken>100663306</MetadataToken>
              <Name>System.Collections.Generic.IEnumerable`1&lt;System.String&gt; Gambon.SqlServer.SqlBuilder`1::GetSqlFieldsFrom(System.Collections.Generic.IEnumerable`1&lt;System.String&gt;)</Name>
              <FileRef uid="6" />
              <SequencePoints>
                <SequencePoint vc="0" uspid="92" ordinal="0" offset="0" sl="23" sc="3" el="23" ec="4" bec="0" bev="0" fileid="6" />
                <SequencePoint vc="0" uspid="93" ordinal="1" offset="1" sl="24" sc="4" el="24" ec="23" bec="2" bev="0" fileid="6" />
                <SequencePoint vc="0" uspid="94" ordinal="2" offset="14" sl="24" sc="23" el="24" ec="24" bec="0" bev="0" fileid="6" />
                <SequencePoint vc="0" uspid="95" ordinal="3" offset="15" sl="25" sc="5" el="28" ec="26" bec="4" bev="0" fileid="6" />
                <SequencePoint vc="0" uspid="96" ordinal="4" offset="105" sl="30" sc="4" el="30" ec="18" bec="0" bev="0" fileid="6" />
                <SequencePoint vc="0" uspid="97" ordinal="5" offset="109" sl="31" sc="3" el="31" ec="4" bec="0" bev="0" fileid="6" />
              </SequencePoints>
              <BranchPoints>
                <BranchPoint vc="0" uspid="98" ordinal="0" offset="12" path="0" offsetchain="" offsetend="14" />
                <BranchPoint vc="0" uspid="99" ordinal="1" offset="12" path="1" offsetchain="" offsetend="105" />
                <BranchPoint vc="0" uspid="100" ordinal="2" offset="35" path="0" offsetchain="" offsetend="37" />
                <BranchPoint vc="0" uspid="101" ordinal="3" offset="35" path="1" offsetchain="" offsetend="56" />
                <BranchPoint vc="0" uspid="102" ordinal="4" offset="71" path="0" offsetchain="" offsetend="73" />
                <BranchPoint vc="0" uspid="103" ordinal="5" offset="71" path="1" offsetchain="" offsetend="92" />
              </BranchPoints>
              <MethodPoint xsi:type="SequencePoint" vc="0" uspid="92" ordinal="0" offset="0" sl="23" sc="3" el="23" ec="4" bec="0" bev="0" fileid="6" />
            </Method>
            <Method visited="false" cyclomaticComplexity="1" sequenceCoverage="0" branchCoverage="0" isConstructor="true" isStatic="false" isGetter="false" isSetter="false">
              <Summary numSequencePoints="0" visitedSequencePoints="0" numBranchPoints="0" visitedBranchPoints="0" sequenceCoverage="0" branchCoverage="0" maxCyclomaticComplexity="1" minCyclomaticComplexity="1" />
              <MetadataToken>100663307</MetadataToken>
              <Name>System.Void Gambon.SqlServer.SqlBuilder`1::.ctor()</Name>
              <SequencePoints />
              <BranchPoints />
              <MethodPoint vc="0" uspid="104" ordinal="0" offset="0" />
            </Method>
            <Method visited="false" cyclomaticComplexity="1" sequenceCoverage="0" branchCoverage="0" isConstructor="false" isStatic="true" isGetter="false" isSetter="false">
              <Summary numSequencePoints="1" visitedSequencePoints="0" numBranchPoints="1" visitedBranchPoints="0" sequenceCoverage="0" branchCoverage="0" maxCyclomaticComplexity="1" minCyclomaticComplexity="1" />
              <MetadataToken>100663308</MetadataToken>
              <Name>System.Boolean Gambon.SqlServer.SqlBuilder`1::&lt;GetSqlFieldsFrom&gt;b__0(System.Reflection.PropertyInfo)</Name>
              <FileRef uid="6" />
              <SequencePoints>
                <SequencePoint vc="0" uspid="105" ordinal="0" offset="0" sl="27" sc="17" el="27" ec="26" bec="0" bev="0" fileid="6" />
              </SequencePoints>
              <BranchPoints />
              <MethodPoint xsi:type="SequencePoint" vc="0" uspid="105" ordinal="0" offset="0" sl="27" sc="17" el="27" ec="26" bec="0" bev="0" fileid="6" />
            </Method>
            <Method visited="false" cyclomaticComplexity="1" sequenceCoverage="0" branchCoverage="0" isConstructor="false" isStatic="true" isGetter="false" isSetter="false">
              <Summary numSequencePoints="1" visitedSequencePoints="0" numBranchPoints="1" visitedBranchPoints="0" sequenceCoverage="0" branchCoverage="0" maxCyclomaticComplexity="1" minCyclomaticComplexity="1" />
              <MetadataToken>100663309</MetadataToken>
              <Name>System.String Gambon.SqlServer.SqlBuilder`1::&lt;GetSqlFieldsFrom&gt;b__1(System.Reflection.PropertyInfo)</Name>
              <FileRef uid="6" />
              <SequencePoints>
                <SequencePoint vc="0" uspid="106" ordinal="0" offset="0" sl="28" sc="18" el="28" ec="24" bec="0" bev="0" fileid="6" />
              </SequencePoints>
              <BranchPoints />
              <MethodPoint xsi:type="SequencePoint" vc="0" uspid="106" ordinal="0" offset="0" sl="28" sc="18" el="28" ec="24" bec="0" bev="0" fileid="6" />
            </Method>
          </Methods>
        </Class>
        <Class>
          <Summary numSequencePoints="23" visitedSequencePoints="0" numBranchPoints="7" visitedBranchPoints="0" sequenceCoverage="0" branchCoverage="0" maxCyclomaticComplexity="2" minCyclomaticComplexity="1" />
          <FullName>Gambon.SqlServer.SqlDataReaderExensions</FullName>
          <Methods>
            <Method visited="false" cyclomaticComplexity="2" sequenceCoverage="0" branchCoverage="0" isConstructor="false" isStatic="true" isGetter="false" isSetter="false">
              <Summary numSequencePoints="14" visitedSequencePoints="0" numBranchPoints="3" visitedBranchPoints="0" sequenceCoverage="0" branchCoverage="0" maxCyclomaticComplexity="2" minCyclomaticComplexity="2" />
              <MetadataToken>100663310</MetadataToken>
              <Name>System.Object Gambon.SqlServer.SqlDataReaderExensions::ToDynamic(System.Data.SqlClient.SqlDataReader)</Name>
              <FileRef uid="7" />
              <SequencePoints>
                <SequencePoint vc="0" uspid="107" ordinal="0" offset="0" sl="10" sc="66" el="10" ec="67" bec="0" bev="0" fileid="7" />
                <SequencePoint vc="0" uspid="108" ordinal="1" offset="1" sl="11" sc="4" el="11" ec="48" bec="0" bev="0" fileid="7" />
                <SequencePoint vc="0" uspid="109" ordinal="2" offset="7" sl="12" sc="4" el="12" ec="62" bec="0" bev="0" fileid="7" />
                <SequencePoint vc="0" uspid="110" ordinal="3" offset="14" sl="13" sc="4" el="13" ec="51" bec="0" bev="0" fileid="7" />
                <SequencePoint vc="0" uspid="111" ordinal="4" offset="26" sl="14" sc="4" el="14" ec="33" bec="0" bev="0" fileid="7" />
                <SequencePoint vc="0" uspid="112" ordinal="5" offset="34" sl="15" sc="8" el="15" ec="25" bec="0" bev="0" fileid="7" />
                <SequencePoint vc="0" uspid="113" ordinal="6" offset="38" sl="16" sc="4" el="16" ec="5" bec="0" bev="0" fileid="7" />
                <SequencePoint vc="0" uspid="114" ordinal="7" offset="39" sl="17" sc="5" el="17" ec="34" bec="0" bev="0" fileid="7" />
                <SequencePoint vc="0" uspid="115" ordinal="8" offset="44" sl="18" sc="5" el="20" ec="34" bec="0" bev="0" fileid="7" />
                <SequencePoint vc="0" uspid="116" ordinal="9" offset="65" sl="21" sc="4" el="21" ec="5" bec="0" bev="0" fileid="7" />
                <SequencePoint vc="0" uspid="117" ordinal="10" offset="66" sl="15" sc="52" el="15" ec="62" bec="0" bev="0" fileid="7" />
                <SequencePoint vc="0" uspid="118" ordinal="11" offset="70" sl="15" sc="26" el="15" ec="50" bec="2" bev="0" fileid="7" />
                <SequencePoint vc="0" uspid="119" ordinal="12" offset="82" sl="22" sc="4" el="22" ec="29" bec="0" bev="0" fileid="7" />
                <SequencePoint vc="0" uspid="120" ordinal="13" offset="87" sl="23" sc="3" el="23" ec="4" bec="0" bev="0" fileid="7" />
              </SequencePoints>
              <BranchPoints>
                <BranchPoint vc="0" uspid="121" ordinal="0" offset="80" path="0" offsetchain="" offsetend="82" />
                <BranchPoint vc="0" uspid="122" ordinal="1" offset="80" path="1" offsetchain="" offsetend="38" />
              </BranchPoints>
              <MethodPoint xsi:type="SequencePoint" vc="0" uspid="107" ordinal="0" offset="0" sl="10" sc="66" el="10" ec="67" bec="0" bev="0" fileid="7" />
            </Method>
            <Method visited="false" cyclomaticComplexity="1" sequenceCoverage="0" branchCoverage="0" isConstructor="false" isStatic="true" isGetter="false" isSetter="false">
              <Summary numSequencePoints="3" visitedSequencePoints="0" numBranchPoints="1" visitedBranchPoints="0" sequenceCoverage="0" branchCoverage="0" maxCyclomaticComplexity="1" minCyclomaticComplexity="1" />
              <MetadataToken>100663311</MetadataToken>
              <Name>System.String Gambon.SqlServer.SqlDataReaderExensions::GetNameFrom(System.Data.SqlClient.SqlDataReader,System.Int32)</Name>
              <FileRef uid="7" />
              <SequencePoints>
                <SequencePoint vc="0" uspid="123" ordinal="0" offset="0" sl="25" sc="76" el="25" ec="77" bec="0" bev="0" fileid="7" />
                <SequencePoint vc="0" uspid="124" ordinal="1" offset="1" sl="26" sc="4" el="26" ec="40" bec="0" bev="0" fileid="7" />
                <SequencePoint vc="0" uspid="125" ordinal="2" offset="11" sl="27" sc="3" el="27" ec="4" bec="0" bev="0" fileid="7" />
              </SequencePoints>
              <BranchPoints />
              <MethodPoint xsi:type="SequencePoint" vc="0" uspid="123" ordinal="0" offset="0" sl="25" sc="76" el="25" ec="77" bec="0" bev="0" fileid="7" />
            </Method>
            <Method visited="false" cyclomaticComplexity="2" sequenceCoverage="0" branchCoverage="0" isConstructor="false" isStatic="true" isGetter="false" isSetter="false">
              <Summary numSequencePoints="6" visitedSequencePoints="0" numBranchPoints="3" visitedBranchPoints="0" sequenceCoverage="0" branchCoverage="0" maxCyclomaticComplexity="2" minCyclomaticComplexity="2" />
              <MetadataToken>100663312</MetadataToken>
              <Name>System.Object Gambon.SqlServer.SqlDataReaderExensions::GetValueFrom(System.Object)</Name>
              <FileRef uid="7" />
              <SequencePoints>
                <SequencePoint vc="0" uspid="126" ordinal="0" offset="0" sl="29" sc="51" el="29" ec="52" bec="0" bev="0" fileid="7" />
                <SequencePoint vc="0" uspid="127" ordinal="1" offset="1" sl="30" sc="4" el="30" ec="34" bec="2" bev="0" fileid="7" />
                <SequencePoint vc="0" uspid="128" ordinal="2" offset="19" sl="30" sc="34" el="30" ec="35" bec="0" bev="0" fileid="7" />
                <SequencePoint vc="0" uspid="129" ordinal="3" offset="20" sl="31" sc="5" el="31" ec="17" bec="0" bev="0" fileid="7" />
                <SequencePoint vc="0" uspid="130" ordinal="4" offset="24" sl="33" sc="4" el="33" ec="17" bec="0" bev="0" fileid="7" />
                <SequencePoint vc="0" uspid="131" ordinal="5" offset="28" sl="34" sc="3" el="34" ec="4" bec="0" bev="0" fileid="7" />
              </SequencePoints>
              <BranchPoints>
                <BranchPoint vc="0" uspid="132" ordinal="0" offset="17" path="0" offsetchain="" offsetend="19" />
                <BranchPoint vc="0" uspid="133" ordinal="1" offset="17" path="1" offsetchain="" offsetend="24" />
              </BranchPoints>
              <MethodPoint xsi:type="SequencePoint" vc="0" uspid="126" ordinal="0" offset="0" sl="29" sc="51" el="29" ec="52" bec="0" bev="0" fileid="7" />
            </Method>
          </Methods>
        </Class>
        <Class>
          <Summary numSequencePoints="9" visitedSequencePoints="9" numBranchPoints="2" visitedBranchPoints="2" sequenceCoverage="100" branchCoverage="100" maxCyclomaticComplexity="1" minCyclomaticComplexity="1" />
          <FullName>Gambon.SqlServer.SqlConnectionFactory</FullName>
          <Methods>
            <Method visited="true" cyclomaticComplexity="1" sequenceCoverage="100" branchCoverage="100" isConstructor="true" isStatic="false" isGetter="false" isSetter="false">
              <Summary numSequencePoints="4" visitedSequencePoints="4" numBranchPoints="1" visitedBranchPoints="1" sequenceCoverage="100" branchCoverage="100" maxCyclomaticComplexity="1" minCyclomaticComplexity="1" />
              <MetadataToken>100663313</MetadataToken>
              <Name>System.Void Gambon.SqlServer.SqlConnectionFactory::.ctor(Gambon.SqlServer.Configuration)</Name>
              <FileRef uid="8" />
              <SequencePoints>
                <SequencePoint vc="3" uspid="134" ordinal="0" offset="0" sl="13" sc="3" el="13" ec="59" bec="0" bev="0" fileid="8" />
                <SequencePoint vc="3" uspid="135" ordinal="1" offset="7" sl="14" sc="3" el="14" ec="4" bec="0" bev="0" fileid="8" />
                <SequencePoint vc="3" uspid="136" ordinal="2" offset="8" sl="15" sc="4" el="15" ec="39" bec="0" bev="0" fileid="8" />
                <SequencePoint vc="3" uspid="137" ordinal="3" offset="15" sl="16" sc="3" el="16" ec="4" bec="0" bev="0" fileid="8" />
              </SequencePoints>
              <BranchPoints />
              <MethodPoint xsi:type="SequencePoint" vc="3" uspid="134" ordinal="0" offset="0" sl="13" sc="3" el="13" ec="59" bec="0" bev="0" fileid="8" />
            </Method>
            <Method visited="true" cyclomaticComplexity="1" sequenceCoverage="100" branchCoverage="100" isConstructor="false" isStatic="false" isGetter="false" isSetter="false">
              <Summary numSequencePoints="5" visitedSequencePoints="5" numBranchPoints="1" visitedBranchPoints="1" sequenceCoverage="100" branchCoverage="100" maxCyclomaticComplexity="1" minCyclomaticComplexity="1" />
              <MetadataToken>100663314</MetadataToken>
              <Name>System.Data.SqlClient.SqlConnection Gambon.SqlServer.SqlConnectionFactory::Create()</Name>
              <FileRef uid="8" />
              <SequencePoints>
                <SequencePoint vc="5" uspid="138" ordinal="0" offset="0" sl="18" sc="32" el="18" ec="33" bec="0" bev="0" fileid="8" />
                <SequencePoint vc="5" uspid="139" ordinal="1" offset="1" sl="19" sc="4" el="19" ec="71" bec="0" bev="0" fileid="8" />
                <SequencePoint vc="5" uspid="140" ordinal="2" offset="18" sl="20" sc="4" el="20" ec="22" bec="0" bev="0" fileid="8" />
                <SequencePoint vc="5" uspid="141" ordinal="3" offset="25" sl="21" sc="4" el="21" ec="22" bec="0" bev="0" fileid="8" />
                <SequencePoint vc="5" uspid="142" ordinal="4" offset="29" sl="22" sc="3" el="22" ec="4" bec="0" bev="0" fileid="8" />
              </SequencePoints>
              <BranchPoints />
              <MethodPoint xsi:type="SequencePoint" vc="5" uspid="138" ordinal="0" offset="0" sl="18" sc="32" el="18" ec="33" bec="0" bev="0" fileid="8" />
            </Method>
          </Methods>
        </Class>
        <Class>
          <Summary numSequencePoints="18" visitedSequencePoints="13" numBranchPoints="8" visitedBranchPoints="4" sequenceCoverage="72.22" branchCoverage="50" maxCyclomaticComplexity="2" minCyclomaticComplexity="1" />
          <FullName>Gambon.SqlServer.SqlExecutor</FullName>
          <Methods>
            <Method visited="true" cyclomaticComplexity="1" sequenceCoverage="100" branchCoverage="100" isConstructor="true" isStatic="false" isGetter="false" isSetter="false">
              <Summary numSequencePoints="4" visitedSequencePoints="4" numBranchPoints="1" visitedBranchPoints="1" sequenceCoverage="100" branchCoverage="100" maxCyclomaticComplexity="1" minCyclomaticComplexity="1" />
              <MetadataToken>100663315</MetadataToken>
              <Name>System.Void Gambon.SqlServer.SqlExecutor::.ctor(Gambon.SqlServer.SqlConnectionFactory)</Name>
              <FileRef uid="9" />
              <SequencePoints>
                <SequencePoint vc="3" uspid="143" ordinal="0" offset="0" sl="13" sc="3" el="13" ec="64" bec="0" bev="0" fileid="9" />
                <SequencePoint vc="3" uspid="144" ordinal="1" offset="7" sl="14" sc="3" el="14" ec="4" bec="0" bev="0" fileid="9" />
                <SequencePoint vc="3" uspid="145" ordinal="2" offset="8" sl="15" sc="4" el="15" ec="53" bec="0" bev="0" fileid="9" />
                <SequencePoint vc="3" uspid="146" ordinal="3" offset="15" sl="16" sc="3" el="16" ec="4" bec="0" bev="0" fileid="9" />
              </SequencePoints>
              <BranchPoints />
              <MethodPoint xsi:type="SequencePoint" vc="3" uspid="143" ordinal="0" offset="0" sl="13" sc="3" el="13" ec="64" bec="0" bev="0" fileid="9" />
            </Method>
            <Method visited="true" cyclomaticComplexity="1" sequenceCoverage="0" branchCoverage="0" isConstructor="false" isStatic="false" isGetter="false" isSetter="false">
              <Summary numSequencePoints="0" visitedSequencePoints="0" numBranchPoints="0" visitedBranchPoints="0" sequenceCoverage="0" branchCoverage="0" maxCyclomaticComplexity="1" minCyclomaticComplexity="1" />
              <MetadataToken>100663316</MetadataToken>
              <Name>System.Collections.Generic.IEnumerable`1&lt;System.Object&gt; Gambon.SqlServer.SqlExecutor::ExecuteReader(System.String)</Name>
              <SequencePoints />
              <BranchPoints />
              <MethodPoint vc="2" uspid="147" ordinal="0" offset="0" />
            </Method>
            <Method visited="true" cyclomaticComplexity="1" sequenceCoverage="100" branchCoverage="100" isConstructor="false" isStatic="false" isGetter="false" isSetter="false">
              <Summary numSequencePoints="3" visitedSequencePoints="3" numBranchPoints="1" visitedBranchPoints="1" sequenceCoverage="100" branchCoverage="100" maxCyclomaticComplexity="1" minCyclomaticComplexity="1" />
              <MetadataToken>100663317</MetadataToken>
              <Name>System.Object Gambon.SqlServer.SqlExecutor::ExecuteFirstOrDefault(System.String)</Name>
              <FileRef uid="9" />
              <SequencePoints>
                <SequencePoint vc="1" uspid="148" ordinal="0" offset="0" sl="29" sc="51" el="29" ec="52" bec="0" bev="0" fileid="9" />
                <SequencePoint vc="1" uspid="149" ordinal="1" offset="1" sl="30" sc="4" el="30" ec="47" bec="0" bev="0" fileid="9" />
                <SequencePoint vc="1" uspid="150" ordinal="2" offset="16" sl="31" sc="3" el="31" ec="4" bec="0" bev="0" fileid="9" />
              </SequencePoints>
              <BranchPoints />
              <MethodPoint xsi:type="SequencePoint" vc="1" uspid="148" ordinal="0" offset="0" sl="29" sc="51" el="29" ec="52" bec="0" bev="0" fileid="9" />
            </Method>
            <Method visited="true" cyclomaticComplexity="2" sequenceCoverage="100" branchCoverage="66.67" isConstructor="false" isStatic="false" isGetter="false" isSetter="false">
              <Summary numSequencePoints="6" visitedSequencePoints="6" numBranchPoints="3" visitedBranchPoints="2" sequenceCoverage="100" branchCoverage="66.67" maxCyclomaticComplexity="2" minCyclomaticComplexity="2" />
              <MetadataToken>100663318</MetadataToken>
              <Name>System.Int32 Gambon.SqlServer.SqlExecutor::ExecuteNonQuery(System.String)</Name>
              <FileRef uid="9" />
              <SequencePoints>
                <SequencePoint vc="4" uspid="151" ordinal="0" offset="0" sl="33" sc="41" el="33" ec="42" bec="0" bev="0" fileid="9" />
                <SequencePoint vc="4" uspid="152" ordinal="1" offset="1" sl="34" sc="10" el="34" ec="56" bec="0" bev="0" fileid="9" />
                <SequencePoint vc="4" uspid="153" ordinal="2" offset="13" sl="34" sc="57" el="34" ec="58" bec="0" bev="0" fileid="9" />
                <SequencePoint vc="4" uspid="154" ordinal="3" offset="14" sl="35" sc="5" el="35" ec="51" bec="0" bev="0" fileid="9" />
                <SequencePoint vc="4" uspid="155" ordinal="4" offset="22" sl="36" sc="17" el="36" ec="50" bec="2" bev="1" fileid="9" />
                <SequencePoint vc="4" uspid="156" ordinal="5" offset="48" sl="38" sc="3" el="38" ec="4" bec="0" bev="0" fileid="9" />
              </SequencePoints>
              <BranchPoints>
                <BranchPoint vc="4" uspid="157" ordinal="0" offset="37" path="0" offsetchain="" offsetend="39" />
                <BranchPoint vc="0" uspid="158" ordinal="1" offset="37" path="1" offsetchain="" offsetend="46" />
              </BranchPoints>
              <MethodPoint xsi:type="SequencePoint" vc="4" uspid="151" ordinal="0" offset="0" sl="33" sc="41" el="33" ec="42" bec="0" bev="0" fileid="9" />
            </Method>
            <Method visited="false" cyclomaticComplexity="2" sequenceCoverage="0" branchCoverage="0" isConstructor="false" isStatic="false" isGetter="false" isSetter="false">
              <Summary numSequencePoints="5" visitedSequencePoints="0" numBranchPoints="3" visitedBranchPoints="0" sequenceCoverage="0" branchCoverage="0" maxCyclomaticComplexity="2" minCyclomaticComplexity="2" />
              <MetadataToken>100663319</MetadataToken>
              <Name>System.Object Gambon.SqlServer.SqlExecutor::ExecuteScalar(System.String)</Name>
              <FileRef uid="9" />
              <SequencePoints>
                <SequencePoint vc="0" uspid="159" ordinal="0" offset="0" sl="40" sc="43" el="40" ec="44" bec="0" bev="0" fileid="9" />
                <SequencePoint vc="0" uspid="160" ordinal="1" offset="1" sl="41" sc="10" el="41" ec="56" bec="0" bev="0" fileid="9" />
                <SequencePoint vc="0" uspid="161" ordinal="2" offset="13" sl="41" sc="57" el="41" ec="58" bec="0" bev="0" fileid="9" />
                <SequencePoint vc="0" uspid="162" ordinal="3" offset="14" sl="42" sc="5" el="44" ec="19" bec="2" bev="0" fileid="9" />
                <SequencePoint vc="0" uspid="163" ordinal="4" offset="51" sl="46" sc="3" el="46" ec="4" bec="0" bev="0" fileid="9" />
              </SequencePoints>
              <BranchPoints>
                <BranchPoint vc="0" uspid="164" ordinal="0" offset="40" path="0" offsetchain="" offsetend="42" />
                <BranchPoint vc="0" uspid="165" ordinal="1" offset="40" path="1" offsetchain="" offsetend="49" />
              </BranchPoints>
              <MethodPoint xsi:type="SequencePoint" vc="0" uspid="159" ordinal="0" offset="0" sl="40" sc="43" el="40" ec="44" bec="0" bev="0" fileid="9" />
            </Method>
          </Methods>
        </Class>
        <Class>
          <Summary numSequencePoints="11" visitedSequencePoints="8" numBranchPoints="16" visitedBranchPoints="7" sequenceCoverage="72.73" branchCoverage="43.75" maxCyclomaticComplexity="5" minCyclomaticComplexity="1" />
          <FullName>Gambon.SqlServer.SqlExecutor/&lt;ExecuteReader&gt;d__0</FullName>
          <Methods>
            <Method visited="false" cyclomaticComplexity="1" sequenceCoverage="0" branchCoverage="0" isConstructor="false" isStatic="false" isGetter="true" isSetter="false">
              <Summary numSequencePoints="0" visitedSequencePoints="0" numBranchPoints="0" visitedBranchPoints="0" sequenceCoverage="0" branchCoverage="0" maxCyclomaticComplexity="1" minCyclomaticComplexity="1" />
              <MetadataToken>100663326</MetadataToken>
              <Name>System.Object Gambon.SqlServer.SqlExecutor/&lt;ExecuteReader&gt;d__0::System.Collections.Generic.IEnumerator&lt;::dynamic&gt;.get_Current()</Name>
              <SequencePoints />
              <BranchPoints />
              <MethodPoint vc="0" uspid="166" ordinal="0" offset="0" />
            </Method>
            <Method visited="false" cyclomaticComplexity="1" sequenceCoverage="0" branchCoverage="0" isConstructor="false" isStatic="false" isGetter="true" isSetter="false">
              <Summary numSequencePoints="0" visitedSequencePoints="0" numBranchPoints="0" visitedBranchPoints="0" sequenceCoverage="0" branchCoverage="0" maxCyclomaticComplexity="1" minCyclomaticComplexity="1" />
              <MetadataToken>100663329</MetadataToken>
              <Name>System.Object Gambon.SqlServer.SqlExecutor/&lt;ExecuteReader&gt;d__0::System.Collections.IEnumerator.get_Current()</Name>
              <SequencePoints />
              <BranchPoints />
              <MethodPoint vc="0" uspid="167" ordinal="0" offset="0" />
            </Method>
            <Method visited="true" cyclomaticComplexity="3" sequenceCoverage="0" branchCoverage="50" isConstructor="false" isStatic="false" isGetter="false" isSetter="false">
              <Summary numSequencePoints="0" visitedSequencePoints="0" numBranchPoints="4" visitedBranchPoints="2" sequenceCoverage="0" branchCoverage="50" maxCyclomaticComplexity="3" minCyclomaticComplexity="3" />
              <MetadataToken>100663323</MetadataToken>
              <Name>System.Collections.Generic.IEnumerator`1&lt;System.Object&gt; Gambon.SqlServer.SqlExecutor/&lt;ExecuteReader&gt;d__0::System.Collections.Generic.IEnumerable&lt;::dynamic&gt;.GetEnumerator()</Name>
              <SequencePoints />
              <BranchPoints>
                <BranchPoint vc="1" uspid="169" ordinal="0" offset="16" path="0" offsetchain="" offsetend="18" />
                <BranchPoint vc="0" uspid="170" ordinal="1" offset="16" path="1" offsetchain="" offsetend="33" />
                <BranchPoint vc="1" uspid="171" ordinal="2" offset="37" path="0" offsetchain="" offsetend="39" />
                <BranchPoint vc="0" uspid="172" ordinal="3" offset="37" path="1" offsetchain="" offsetend="50" />
              </BranchPoints>
              <MethodPoint vc="1" uspid="168" ordinal="0" offset="0" />
            </Method>
            <Method visited="false" cyclomaticComplexity="1" sequenceCoverage="0" branchCoverage="0" isConstructor="false" isStatic="false" isGetter="false" isSetter="false">
              <Summary numSequencePoints="0" visitedSequencePoints="0" numBranchPoints="0" visitedBranchPoints="0" sequenceCoverage="0" branchCoverage="0" maxCyclomaticComplexity="1" minCyclomaticComplexity="1" />
              <MetadataToken>100663324</MetadataToken>
              <Name>System.Collections.IEnumerator Gambon.SqlServer.SqlExecutor/&lt;ExecuteReader&gt;d__0::System.Collections.IEnumerable.GetEnumerator()</Name>
              <SequencePoints />
              <BranchPoints />
              <MethodPoint vc="0" uspid="173" ordinal="0" offset="0" />
            </Method>
            <Method visited="true" cyclomaticComplexity="5" sequenceCoverage="72.73" branchCoverage="42.86" isConstructor="false" isStatic="false" isGetter="false" isSetter="false">
              <Summary numSequencePoints="11" visitedSequencePoints="8" numBranchPoints="7" visitedBranchPoints="3" sequenceCoverage="72.73" branchCoverage="42.86" maxCyclomaticComplexity="5" minCyclomaticComplexity="5" />
              <MetadataToken>100663325</MetadataToken>
              <Name>System.Boolean Gambon.SqlServer.SqlExecutor/&lt;ExecuteReader&gt;d__0::MoveNext()</Name>
              <FileRef uid="9" />
              <SequencePoints>
                <SequencePoint vc="1" uspid="174" ordinal="0" offset="43" sl="18" sc="56" el="18" ec="57" bec="3" bev="1" fileid="9" />
                <SequencePoint vc="1" uspid="175" ordinal="1" offset="44" sl="19" sc="10" el="19" ec="56" bec="0" bev="0" fileid="9" />
                <SequencePoint vc="1" uspid="176" ordinal="2" offset="73" sl="19" sc="57" el="19" ec="58" bec="0" bev="0" fileid="9" />
                <SequencePoint vc="1" uspid="177" ordinal="3" offset="74" sl="20" sc="5" el="20" ec="51" bec="0" bev="0" fileid="9" />
                <SequencePoint vc="1" uspid="178" ordinal="4" offset="97" sl="21" sc="17" el="21" ec="58" bec="0" bev="0" fileid="9" />
                <SequencePoint vc="0" uspid="179" ordinal="5" offset="116" sl="23" sc="18" el="23" ec="19" bec="0" bev="0" fileid="9" />
                <SequencePoint vc="0" uspid="180" ordinal="6" offset="117" sl="24" sc="7" el="24" ec="43" bec="0" bev="0" fileid="9" />
                <SequencePoint vc="0" uspid="181" ordinal="7" offset="152" sl="25" sc="18" el="25" ec="19" bec="0" bev="0" fileid="9" />
                <SequencePoint vc="1" uspid="182" ordinal="8" offset="153" sl="22" sc="6" el="22" ec="31" bec="2" bev="1" fileid="9" />
                <SequencePoint vc="1" uspid="183" ordinal="9" offset="168" sl="26" sc="4" el="26" ec="5" bec="0" bev="0" fileid="9" />
                <SequencePoint vc="1" uspid="184" ordinal="10" offset="176" sl="27" sc="3" el="27" ec="4" bec="0" bev="0" fileid="9" />
              </SequencePoints>
              <BranchPoints>
                <BranchPoint vc="0" uspid="186" ordinal="0" offset="8" path="0" offsetchain="25 31" offsetend="177" />
                <BranchPoint vc="1" uspid="187" ordinal="1" offset="8" path="1" offsetchain="29" offsetend="36" />
                <BranchPoint vc="0" uspid="188" ordinal="2" offset="8" path="2" offsetchain="31" offsetend="177" />
                <BranchPoint vc="0" uspid="189" ordinal="3" offset="8" path="3" offsetchain="27" offsetend="145" />
                <BranchPoint vc="1" uspid="190" ordinal="4" offset="166" path="0" offsetchain="" offsetend="168" />
                <BranchPoint vc="0" uspid="191" ordinal="5" offset="166" path="1" offsetchain="" offsetend="116" />
              </BranchPoints>
              <MethodPoint vc="1" uspid="185" ordinal="0" offset="0" />
            </Method>
            <Method visited="false" cyclomaticComplexity="1" sequenceCoverage="0" branchCoverage="0" isConstructor="false" isStatic="false" isGetter="false" isSetter="false">
              <Summary numSequencePoints="0" visitedSequencePoints="0" numBranchPoints="0" visitedBranchPoints="0" sequenceCoverage="0" branchCoverage="0" maxCyclomaticComplexity="1" minCyclomaticComplexity="1" />
              <MetadataToken>100663327</MetadataToken>
              <Name>System.Void Gambon.SqlServer.SqlExecutor/&lt;ExecuteReader&gt;d__0::System.Collections.IEnumerator.Reset()</Name>
              <SequencePoints />
              <BranchPoints />
              <MethodPoint vc="0" uspid="192" ordinal="0" offset="0" />
            </Method>
            <Method visited="true" cyclomaticComplexity="4" sequenceCoverage="0" branchCoverage="33.33" isConstructor="false" isStatic="false" isGetter="false" isSetter="false">
              <Summary numSequencePoints="0" visitedSequencePoints="0" numBranchPoints="3" visitedBranchPoints="1" sequenceCoverage="0" branchCoverage="33.33" maxCyclomaticComplexity="4" minCyclomaticComplexity="4" />
              <MetadataToken>100663328</MetadataToken>
              <Name>System.Void Gambon.SqlServer.SqlExecutor/&lt;ExecuteReader&gt;d__0::System.IDisposable.Dispose()</Name>
              <SequencePoints />
              <BranchPoints>
                <BranchPoint vc="1" uspid="194" ordinal="0" offset="10" path="0" offsetchain="23 29" offsetend="42" />
                <BranchPoint vc="0" uspid="195" ordinal="1" offset="10" path="1" offsetchain="27" offsetend="31" />
                <BranchPoint vc="0" uspid="196" ordinal="2" offset="10" path="2" offsetchain="25" offsetend="31" />
              </BranchPoints>
              <MethodPoint vc="1" uspid="193" ordinal="0" offset="0" />
            </Method>
            <Method visited="true" cyclomaticComplexity="1" sequenceCoverage="0" branchCoverage="0" isConstructor="true" isStatic="false" isGetter="false" isSetter="false">
              <Summary numSequencePoints="0" visitedSequencePoints="0" numBranchPoints="0" visitedBranchPoints="0" sequenceCoverage="0" branchCoverage="0" maxCyclomaticComplexity="1" minCyclomaticComplexity="1" />
              <MetadataToken>100663330</MetadataToken>
              <Name>System.Void Gambon.SqlServer.SqlExecutor/&lt;ExecuteReader&gt;d__0::.ctor(System.Int32)</Name>
              <SequencePoints />
              <BranchPoints />
              <MethodPoint vc="2" uspid="197" ordinal="0" offset="0" />
            </Method>
            <Method visited="true" cyclomaticComplexity="2" sequenceCoverage="0" branchCoverage="50" isConstructor="false" isStatic="false" isGetter="false" isSetter="false">
              <Summary numSequencePoints="0" visitedSequencePoints="0" numBranchPoints="2" visitedBranchPoints="1" sequenceCoverage="0" branchCoverage="50" maxCyclomaticComplexity="2" minCyclomaticComplexity="2" />
              <MetadataToken>100663331</MetadataToken>
              <Name>System.Void Gambon.SqlServer.SqlExecutor/&lt;ExecuteReader&gt;d__0::&lt;&gt;m__Finally4()</Name>
              <SequencePoints />
              <BranchPoints>
                <BranchPoint vc="1" uspid="199" ordinal="0" offset="18" path="0" offsetchain="" offsetend="20" />
                <BranchPoint vc="0" uspid="200" ordinal="1" offset="18" path="1" offsetchain="" offsetend="32" />
              </BranchPoints>
              <MethodPoint vc="1" uspid="198" ordinal="0" offset="0" />
            </Method>
          </Methods>
        </Class>
        <Class>
          <Summary numSequencePoints="4" visitedSequencePoints="0" numBranchPoints="1" visitedBranchPoints="0" sequenceCoverage="0" branchCoverage="0" maxCyclomaticComplexity="1" minCyclomaticComplexity="1" />
          <FullName>Gambon.SqlServer.Table</FullName>
          <Methods>
            <Method visited="false" cyclomaticComplexity="1" sequenceCoverage="0" branchCoverage="0" isConstructor="true" isStatic="false" isGetter="false" isSetter="false">
              <Summary numSequencePoints="4" visitedSequencePoints="0" numBranchPoints="1" visitedBranchPoints="0" sequenceCoverage="0" branchCoverage="0" maxCyclomaticComplexity="1" minCyclomaticComplexity="1" />
              <MetadataToken>100663320</MetadataToken>
              <Name>System.Void Gambon.SqlServer.Table::.ctor(System.String)</Name>
              <FileRef uid="11" />
              <SequencePoints>
                <SequencePoint vc="0" uspid="201" ordinal="0" offset="0" sl="9" sc="3" el="9" ec="28" bec="0" bev="0" fileid="11" />
                <SequencePoint vc="0" uspid="202" ordinal="1" offset="7" sl="10" sc="3" el="10" ec="4" bec="0" bev="0" fileid="11" />
                <SequencePoint vc="0" uspid="203" ordinal="2" offset="8" sl="11" sc="4" el="11" ec="21" bec="0" bev="0" fileid="11" />
                <SequencePoint vc="0" uspid="204" ordinal="3" offset="15" sl="12" sc="3" el="12" ec="4" bec="0" bev="0" fileid="11" />
              </SequencePoints>
              <BranchPoints />
              <MethodPoint xsi:type="SequencePoint" vc="0" uspid="201" ordinal="0" offset="0" sl="9" sc="3" el="9" ec="28" bec="0" bev="0" fileid="11" />
            </Method>
          </Methods>
        </Class>
      </Classes>
    </Module>
    <Module skippedDueTo="Filter" hash="88-90-28-D4-84-AA-BE-C2-86-6A-1A-39-08-ED-2A-12-F8-AA-C1-78">
      <FullName>C:\Windows\Microsoft.Net\assembly\GAC_32\System.Data\v4.0_4.0.0.0__b77a5c561934e089\System.Data.dll</FullName>
      <ModuleName>System.Data</ModuleName>
      <Classes />
    </Module>
    <Module skippedDueTo="Filter" hash="0D-A0-9A-DA-12-11-04-9B-33-2A-6F-BE-A2-C6-50-B2-DB-63-A4-4E">
      <FullName>C:\Windows\Microsoft.Net\assembly\GAC_MSIL\System.Data.resources\v4.0_4.0.0.0_es_b77a5c561934e089\System.Data.resources.dll</FullName>
      <ModuleName>System.Data.resources</ModuleName>
      <Classes />
    </Module>
    <Module skippedDueTo="Filter" hash="93-C5-56-B6-CA-39-23-EE-93-DB-70-FC-52-78-49-D5-11-65-81-59">
      <FullName>C:\Windows\Microsoft.Net\assembly\GAC_32\System.Transactions\v4.0_4.0.0.0__b77a5c561934e089\System.Transactions.dll</FullName>
      <ModuleName>System.Transactions</ModuleName>
      <Classes />
    </Module>
    <Module skippedDueTo="Filter" hash="3D-4E-36-38-4C-F7-1C-61-A1-10-93-60-E6-9F-83-66-67-02-09-DA">
      <FullName>C:\Windows\Microsoft.Net\assembly\GAC_32\System.EnterpriseServices\v4.0_4.0.0.0__b03f5f7f11d50a3a\System.EnterpriseServices.dll</FullName>
      <ModuleName>System.EnterpriseServices</ModuleName>
      <Classes />
    </Module>
    <Module skippedDueTo="MissingPdb" hash="A6-5F-D2-A9-56-75-22-21-73-21-9B-89-E8-B8-52-A9-AF-80-F5-B4">
      <FullName>C:\Windows\Microsoft.Net\assembly\GAC_MSIL\Microsoft.CSharp\v4.0_4.0.0.0__b03f5f7f11d50a3a\Microsoft.CSharp.dll</FullName>
      <ModuleName>Microsoft.CSharp</ModuleName>
      <Classes />
    </Module>
    <Module skippedDueTo="Filter" hash="36-98-82-A2-74-7A-A1-C8-F5-FF-7A-64-F9-04-A9-55-9E-A6-52-B3">
      <FullName>C:\Windows\Microsoft.Net\assembly\GAC_MSIL\System.Dynamic\v4.0_4.0.0.0__b03f5f7f11d50a3a\System.Dynamic.dll</FullName>
      <ModuleName>System.Dynamic</ModuleName>
      <Classes />
    </Module>
    <Module skippedDueTo="MissingPdb" hash="">
      <FullName>RefEmit_InMemoryManifestModule</FullName>
      <ModuleName>Anonymously Hosted DynamicMethods Assembly</ModuleName>
      <Classes />
    </Module>
  </Modules>
</CoverageSession>